<?xml version="1.0" encoding="UTF-8"?>
<!-- Generated by org.testng.reporters.JUnitXMLReporter -->
<testsuite hostname="WIN-28WDQBWIDT4" name="testCaculate" tests="4" failures="2" timestamp="22 Apr 2015 15:14:29 GMT" time="0.062" errors="0">
  <testcase name="testDivisionException" time="0.0" classname="sample.CalculatorTestSuccessful"/>
  <testcase name="testDivison" time="0.0" classname="sample.CalculatorTestSuccessful"/>
  <testcase name="testSubstraction" time="0.0" classname="sample.CalculatorTestSuccessful">
    <failure type="java.lang.AssertionError" message="expected [true] but found [false]">
      <![CDATA[java.lang.AssertionError: expected [true] but found [false]
	at sample.CalculatorTestSuccessful.testSubstraction(CalculatorTestSuccessful.java:73)
... Removed 27 stack frames]]>
    </failure>
  </testcase> <!-- testSubstraction -->
  <testcase name="testSum" time="0.0" classname="sample.CalculatorTestSuccessful">
    <failure type="java.lang.AssertionError" message="expected [12] but found [7]">
      <![CDATA[java.lang.AssertionError: expected [12] but found [7]
	at sample.CalculatorTestSuccessful.testSum(CalculatorTestSuccessful.java:38)
... Removed 28 stack frames]]>
    </failure>
  </testcase> <!-- testSum -->
</testsuite> <!-- testCaculate -->
