<html>
<head>
<title>TestNG:  testMessagePrintout</title>
<link href="../testng.css" rel="stylesheet" type="text/css" />
<link href="../my-testng.css" rel="stylesheet" type="text/css" />

<style type="text/css">
.log { display: none;} 
.stack-trace { display: none;} 
</style>
<script type="text/javascript">
<!--
function flip(e) {
  current = e.style.display;
  if (current == 'block') {
    e.style.display = 'none';
    return 0;
  }
  else {
    e.style.display = 'block';
    return 1;
  }
}

function toggleBox(szDivId, elem, msg1, msg2)
{
  var res = -1;  if (document.getElementById) {
    res = flip(document.getElementById(szDivId));
  }
  else if (document.all) {
    // this is the way old msie versions work
    res = flip(document.all[szDivId]);
  }
  if(elem) {
    if(res == 0) elem.innerHTML = msg1; else elem.innerHTML = msg2;
  }

}

function toggleAllBoxes() {
  if (document.getElementsByTagName) {
    d = document.getElementsByTagName('div');
    for (i = 0; i < d.length; i++) {
      if (d[i].className == 'log') {
        flip(d[i]);
      }
    }
  }
}

// -->
</script>

</head>
<body>
<h2 align='center'>testMessagePrintout</h2><table border='1' align="center">
<tr>
<td>Tests passed/Failed/Skipped:</td><td>21/9/0</td>
</tr><tr>
<td>Started on:</td><td>Wed Apr 22 15:14:29 UTC 2015</td>
</tr>
<tr><td>Total time:</td><td>0 seconds (280 ms)</td>
</tr><tr>
<td>Included groups:</td><td></td>
</tr><tr>
<td>Excluded groups:</td><td></td>
</tr>
</table><p/>
<small><i>(Hover the method name to see the test class name)</i></small><p/>
<table width='100%' border='1' class='invocation-failed'>
<tr><td colspan='4' align='center'><b>FAILED TESTS</b></td></tr>
<tr><td><b>Test method</b></td>
<td width="30%"><b>Exception</b></td>
<td width="10%"><b>Time (seconds)</b></td>
<td><b>Instance</b></td>
</tr>
<tr>
<td title='sample.WelcomeMessageTest.testWelcomeMessagePage_002()'><b>testWelcomeMessagePage_002</b><br>Test class: sample.WelcomeMessageTest</td>
<td><div><pre>java.lang.AssertionError: expected [false] but found [true]
	at sample.WelcomeMessageTest.testWelcomeMessagePage_002(WelcomeMessageTest.java:45)
... Removed 28 stack frames</pre></div><a href='#' onClick='toggleBox("stack-trace1575218081", this, "Click to show all stack frames", "Click to hide stack frames")'>Click to show all stack frames</a>
<div class='stack-trace' id='stack-trace1575218081'><pre>java.lang.AssertionError: expected [false] but found [true]
	at org.testng.Assert.fail(Assert.java:94)
	at org.testng.Assert.failNotEquals(Assert.java:494)
	at org.testng.Assert.assertEquals(Assert.java:123)
	at org.testng.Assert.assertEquals(Assert.java:286)
	at org.testng.Assert.assertEquals(Assert.java:296)
	at sample.WelcomeMessageTest.testWelcomeMessagePage_002(WelcomeMessageTest.java:45)
	at sun.reflect.NativeMethodAccessorImpl.invoke0(Native Method)
	at sun.reflect.NativeMethodAccessorImpl.invoke(Unknown Source)
	at sun.reflect.DelegatingMethodAccessorImpl.invoke(Unknown Source)
	at java.lang.reflect.Method.invoke(Unknown Source)
	at org.testng.internal.MethodInvocationHelper.invokeMethod(MethodInvocationHelper.java:84)
	at org.testng.internal.Invoker.invokeMethod(Invoker.java:714)
	at org.testng.internal.Invoker.invokeTestMethod(Invoker.java:901)
	at org.testng.internal.Invoker.invokeTestMethods(Invoker.java:1231)
	at org.testng.internal.TestMethodWorker.invokeTestMethods(TestMethodWorker.java:127)
	at org.testng.internal.TestMethodWorker.run(TestMethodWorker.java:111)
	at org.testng.TestRunner.privateRun(TestRunner.java:767)
	at org.testng.TestRunner.run(TestRunner.java:617)
	at org.testng.SuiteRunner.runTest(SuiteRunner.java:334)
	at org.testng.SuiteRunner.runSequentially(SuiteRunner.java:329)
	at org.testng.SuiteRunner.privateRun(SuiteRunner.java:291)
	at org.testng.SuiteRunner.run(SuiteRunner.java:240)
	at org.testng.SuiteRunnerWorker.runSuite(SuiteRunnerWorker.java:52)
	at org.testng.SuiteRunnerWorker.run(SuiteRunnerWorker.java:86)
	at org.testng.TestNG.runSuitesSequentially(TestNG.java:1224)
	at org.testng.TestNG.runSuitesLocally(TestNG.java:1149)
	at org.testng.TestNG.run(TestNG.java:1057)
	at org.testng.TestNG.privateMain(TestNG.java:1364)
	at org.testng.TestNG.main(TestNG.java:1333)
</pre></div></td>
<td>0</td>
<td>sample.WelcomeMessageTest@5883914b</td></tr>
<tr>
<td title='sample.WelcomeMessageTest.testWelcomeMessagePage_004()'><b>testWelcomeMessagePage_004</b><br>Test class: sample.WelcomeMessageTest</td>
<td><div><pre>java.lang.AssertionError: expected [false] but found [true]
	at sample.WelcomeMessageTest.testWelcomeMessagePage_004(WelcomeMessageTest.java:68)
... Removed 28 stack frames</pre></div><a href='#' onClick='toggleBox("stack-trace1334547158", this, "Click to show all stack frames", "Click to hide stack frames")'>Click to show all stack frames</a>
<div class='stack-trace' id='stack-trace1334547158'><pre>java.lang.AssertionError: expected [false] but found [true]
	at org.testng.Assert.fail(Assert.java:94)
	at org.testng.Assert.failNotEquals(Assert.java:494)
	at org.testng.Assert.assertEquals(Assert.java:123)
	at org.testng.Assert.assertEquals(Assert.java:286)
	at org.testng.Assert.assertEquals(Assert.java:296)
	at sample.WelcomeMessageTest.testWelcomeMessagePage_004(WelcomeMessageTest.java:68)
	at sun.reflect.NativeMethodAccessorImpl.invoke0(Native Method)
	at sun.reflect.NativeMethodAccessorImpl.invoke(Unknown Source)
	at sun.reflect.DelegatingMethodAccessorImpl.invoke(Unknown Source)
	at java.lang.reflect.Method.invoke(Unknown Source)
	at org.testng.internal.MethodInvocationHelper.invokeMethod(MethodInvocationHelper.java:84)
	at org.testng.internal.Invoker.invokeMethod(Invoker.java:714)
	at org.testng.internal.Invoker.invokeTestMethod(Invoker.java:901)
	at org.testng.internal.Invoker.invokeTestMethods(Invoker.java:1231)
	at org.testng.internal.TestMethodWorker.invokeTestMethods(TestMethodWorker.java:127)
	at org.testng.internal.TestMethodWorker.run(TestMethodWorker.java:111)
	at org.testng.TestRunner.privateRun(TestRunner.java:767)
	at org.testng.TestRunner.run(TestRunner.java:617)
	at org.testng.SuiteRunner.runTest(SuiteRunner.java:334)
	at org.testng.SuiteRunner.runSequentially(SuiteRunner.java:329)
	at org.testng.SuiteRunner.privateRun(SuiteRunner.java:291)
	at org.testng.SuiteRunner.run(SuiteRunner.java:240)
	at org.testng.SuiteRunnerWorker.runSuite(SuiteRunnerWorker.java:52)
	at org.testng.SuiteRunnerWorker.run(SuiteRunnerWorker.java:86)
	at org.testng.TestNG.runSuitesSequentially(TestNG.java:1224)
	at org.testng.TestNG.runSuitesLocally(TestNG.java:1149)
	at org.testng.TestNG.run(TestNG.java:1057)
	at org.testng.TestNG.privateMain(TestNG.java:1364)
	at org.testng.TestNG.main(TestNG.java:1333)
</pre></div></td>
<td>0</td>
<td>sample.WelcomeMessageTest@5883914b</td></tr>
<tr>
<td title='sample.WelcomeMessageTest.testWelcomeMessagePage_006()'><b>testWelcomeMessagePage_006</b><br>Test class: sample.WelcomeMessageTest</td>
<td><div><pre>java.lang.AssertionError: expected [false] but found [true]
	at sample.WelcomeMessageTest.testWelcomeMessagePage_006(WelcomeMessageTest.java:91)
... Removed 28 stack frames</pre></div><a href='#' onClick='toggleBox("stack-trace655102589", this, "Click to show all stack frames", "Click to hide stack frames")'>Click to show all stack frames</a>
<div class='stack-trace' id='stack-trace655102589'><pre>java.lang.AssertionError: expected [false] but found [true]
	at org.testng.Assert.fail(Assert.java:94)
	at org.testng.Assert.failNotEquals(Assert.java:494)
	at org.testng.Assert.assertEquals(Assert.java:123)
	at org.testng.Assert.assertEquals(Assert.java:286)
	at org.testng.Assert.assertEquals(Assert.java:296)
	at sample.WelcomeMessageTest.testWelcomeMessagePage_006(WelcomeMessageTest.java:91)
	at sun.reflect.NativeMethodAccessorImpl.invoke0(Native Method)
	at sun.reflect.NativeMethodAccessorImpl.invoke(Unknown Source)
	at sun.reflect.DelegatingMethodAccessorImpl.invoke(Unknown Source)
	at java.lang.reflect.Method.invoke(Unknown Source)
	at org.testng.internal.MethodInvocationHelper.invokeMethod(MethodInvocationHelper.java:84)
	at org.testng.internal.Invoker.invokeMethod(Invoker.java:714)
	at org.testng.internal.Invoker.invokeTestMethod(Invoker.java:901)
	at org.testng.internal.Invoker.invokeTestMethods(Invoker.java:1231)
	at org.testng.internal.TestMethodWorker.invokeTestMethods(TestMethodWorker.java:127)
	at org.testng.internal.TestMethodWorker.run(TestMethodWorker.java:111)
	at org.testng.TestRunner.privateRun(TestRunner.java:767)
	at org.testng.TestRunner.run(TestRunner.java:617)
	at org.testng.SuiteRunner.runTest(SuiteRunner.java:334)
	at org.testng.SuiteRunner.runSequentially(SuiteRunner.java:329)
	at org.testng.SuiteRunner.privateRun(SuiteRunner.java:291)
	at org.testng.SuiteRunner.run(SuiteRunner.java:240)
	at org.testng.SuiteRunnerWorker.runSuite(SuiteRunnerWorker.java:52)
	at org.testng.SuiteRunnerWorker.run(SuiteRunnerWorker.java:86)
	at org.testng.TestNG.runSuitesSequentially(TestNG.java:1224)
	at org.testng.TestNG.runSuitesLocally(TestNG.java:1149)
	at org.testng.TestNG.run(TestNG.java:1057)
	at org.testng.TestNG.privateMain(TestNG.java:1364)
	at org.testng.TestNG.main(TestNG.java:1333)
</pre></div></td>
<td>0</td>
<td>sample.WelcomeMessageTest@5883914b</td></tr>
<tr>
<td title='sample.WelcomeMessageTest.testWelcomeMessagePage_008()'><b>testWelcomeMessagePage_008</b><br>Test class: sample.WelcomeMessageTest</td>
<td><div><pre>java.lang.AssertionError: expected [false] but found [true]
	at sample.WelcomeMessageTest.testWelcomeMessagePage_008(WelcomeMessageTest.java:114)
... Removed 28 stack frames</pre></div><a href='#' onClick='toggleBox("stack-trace1787018703", this, "Click to show all stack frames", "Click to hide stack frames")'>Click to show all stack frames</a>
<div class='stack-trace' id='stack-trace1787018703'><pre>java.lang.AssertionError: expected [false] but found [true]
	at org.testng.Assert.fail(Assert.java:94)
	at org.testng.Assert.failNotEquals(Assert.java:494)
	at org.testng.Assert.assertEquals(Assert.java:123)
	at org.testng.Assert.assertEquals(Assert.java:286)
	at org.testng.Assert.assertEquals(Assert.java:296)
	at sample.WelcomeMessageTest.testWelcomeMessagePage_008(WelcomeMessageTest.java:114)
	at sun.reflect.NativeMethodAccessorImpl.invoke0(Native Method)
	at sun.reflect.NativeMethodAccessorImpl.invoke(Unknown Source)
	at sun.reflect.DelegatingMethodAccessorImpl.invoke(Unknown Source)
	at java.lang.reflect.Method.invoke(Unknown Source)
	at org.testng.internal.MethodInvocationHelper.invokeMethod(MethodInvocationHelper.java:84)
	at org.testng.internal.Invoker.invokeMethod(Invoker.java:714)
	at org.testng.internal.Invoker.invokeTestMethod(Invoker.java:901)
	at org.testng.internal.Invoker.invokeTestMethods(Invoker.java:1231)
	at org.testng.internal.TestMethodWorker.invokeTestMethods(TestMethodWorker.java:127)
	at org.testng.internal.TestMethodWorker.run(TestMethodWorker.java:111)
	at org.testng.TestRunner.privateRun(TestRunner.java:767)
	at org.testng.TestRunner.run(TestRunner.java:617)
	at org.testng.SuiteRunner.runTest(SuiteRunner.java:334)
	at org.testng.SuiteRunner.runSequentially(SuiteRunner.java:329)
	at org.testng.SuiteRunner.privateRun(SuiteRunner.java:291)
	at org.testng.SuiteRunner.run(SuiteRunner.java:240)
	at org.testng.SuiteRunnerWorker.runSuite(SuiteRunnerWorker.java:52)
	at org.testng.SuiteRunnerWorker.run(SuiteRunnerWorker.java:86)
	at org.testng.TestNG.runSuitesSequentially(TestNG.java:1224)
	at org.testng.TestNG.runSuitesLocally(TestNG.java:1149)
	at org.testng.TestNG.run(TestNG.java:1057)
	at org.testng.TestNG.privateMain(TestNG.java:1364)
	at org.testng.TestNG.main(TestNG.java:1333)
</pre></div></td>
<td>0</td>
<td>sample.WelcomeMessageTest@5883914b</td></tr>
<tr>
<td title='sample.WelcomeMessageTest.testWelcomeMessagePage_010()'><b>testWelcomeMessagePage_010</b><br>Test class: sample.WelcomeMessageTest</td>
<td><div><pre>java.lang.AssertionError: expected [false] but found [true]
	at sample.WelcomeMessageTest.testWelcomeMessagePage_010(WelcomeMessageTest.java:137)
... Removed 28 stack frames</pre></div><a href='#' onClick='toggleBox("stack-trace1822924545", this, "Click to show all stack frames", "Click to hide stack frames")'>Click to show all stack frames</a>
<div class='stack-trace' id='stack-trace1822924545'><pre>java.lang.AssertionError: expected [false] but found [true]
	at org.testng.Assert.fail(Assert.java:94)
	at org.testng.Assert.failNotEquals(Assert.java:494)
	at org.testng.Assert.assertEquals(Assert.java:123)
	at org.testng.Assert.assertEquals(Assert.java:286)
	at org.testng.Assert.assertEquals(Assert.java:296)
	at sample.WelcomeMessageTest.testWelcomeMessagePage_010(WelcomeMessageTest.java:137)
	at sun.reflect.NativeMethodAccessorImpl.invoke0(Native Method)
	at sun.reflect.NativeMethodAccessorImpl.invoke(Unknown Source)
	at sun.reflect.DelegatingMethodAccessorImpl.invoke(Unknown Source)
	at java.lang.reflect.Method.invoke(Unknown Source)
	at org.testng.internal.MethodInvocationHelper.invokeMethod(MethodInvocationHelper.java:84)
	at org.testng.internal.Invoker.invokeMethod(Invoker.java:714)
	at org.testng.internal.Invoker.invokeTestMethod(Invoker.java:901)
	at org.testng.internal.Invoker.invokeTestMethods(Invoker.java:1231)
	at org.testng.internal.TestMethodWorker.invokeTestMethods(TestMethodWorker.java:127)
	at org.testng.internal.TestMethodWorker.run(TestMethodWorker.java:111)
	at org.testng.TestRunner.privateRun(TestRunner.java:767)
	at org.testng.TestRunner.run(TestRunner.java:617)
	at org.testng.SuiteRunner.runTest(SuiteRunner.java:334)
	at org.testng.SuiteRunner.runSequentially(SuiteRunner.java:329)
	at org.testng.SuiteRunner.privateRun(SuiteRunner.java:291)
	at org.testng.SuiteRunner.run(SuiteRunner.java:240)
	at org.testng.SuiteRunnerWorker.runSuite(SuiteRunnerWorker.java:52)
	at org.testng.SuiteRunnerWorker.run(SuiteRunnerWorker.java:86)
	at org.testng.TestNG.runSuitesSequentially(TestNG.java:1224)
	at org.testng.TestNG.runSuitesLocally(TestNG.java:1149)
	at org.testng.TestNG.run(TestNG.java:1057)
	at org.testng.TestNG.privateMain(TestNG.java:1364)
	at org.testng.TestNG.main(TestNG.java:1333)
</pre></div></td>
<td>0</td>
<td>sample.WelcomeMessageTest@5883914b</td></tr>
<tr>
<td title='sample.WelcomeMessageTest.testWelcomeMessagePage_012()'><b>testWelcomeMessagePage_012</b><br>Test class: sample.WelcomeMessageTest</td>
<td><div><pre>java.lang.AssertionError: expected [false] but found [true]
	at sample.WelcomeMessageTest.testWelcomeMessagePage_012(WelcomeMessageTest.java:160)
... Removed 28 stack frames</pre></div><a href='#' onClick='toggleBox("stack-trace347805049", this, "Click to show all stack frames", "Click to hide stack frames")'>Click to show all stack frames</a>
<div class='stack-trace' id='stack-trace347805049'><pre>java.lang.AssertionError: expected [false] but found [true]
	at org.testng.Assert.fail(Assert.java:94)
	at org.testng.Assert.failNotEquals(Assert.java:494)
	at org.testng.Assert.assertEquals(Assert.java:123)
	at org.testng.Assert.assertEquals(Assert.java:286)
	at org.testng.Assert.assertEquals(Assert.java:296)
	at sample.WelcomeMessageTest.testWelcomeMessagePage_012(WelcomeMessageTest.java:160)
	at sun.reflect.NativeMethodAccessorImpl.invoke0(Native Method)
	at sun.reflect.NativeMethodAccessorImpl.invoke(Unknown Source)
	at sun.reflect.DelegatingMethodAccessorImpl.invoke(Unknown Source)
	at java.lang.reflect.Method.invoke(Unknown Source)
	at org.testng.internal.MethodInvocationHelper.invokeMethod(MethodInvocationHelper.java:84)
	at org.testng.internal.Invoker.invokeMethod(Invoker.java:714)
	at org.testng.internal.Invoker.invokeTestMethod(Invoker.java:901)
	at org.testng.internal.Invoker.invokeTestMethods(Invoker.java:1231)
	at org.testng.internal.TestMethodWorker.invokeTestMethods(TestMethodWorker.java:127)
	at org.testng.internal.TestMethodWorker.run(TestMethodWorker.java:111)
	at org.testng.TestRunner.privateRun(TestRunner.java:767)
	at org.testng.TestRunner.run(TestRunner.java:617)
	at org.testng.SuiteRunner.runTest(SuiteRunner.java:334)
	at org.testng.SuiteRunner.runSequentially(SuiteRunner.java:329)
	at org.testng.SuiteRunner.privateRun(SuiteRunner.java:291)
	at org.testng.SuiteRunner.run(SuiteRunner.java:240)
	at org.testng.SuiteRunnerWorker.runSuite(SuiteRunnerWorker.java:52)
	at org.testng.SuiteRunnerWorker.run(SuiteRunnerWorker.java:86)
	at org.testng.TestNG.runSuitesSequentially(TestNG.java:1224)
	at org.testng.TestNG.runSuitesLocally(TestNG.java:1149)
	at org.testng.TestNG.run(TestNG.java:1057)
	at org.testng.TestNG.privateMain(TestNG.java:1364)
	at org.testng.TestNG.main(TestNG.java:1333)
</pre></div></td>
<td>0</td>
<td>sample.WelcomeMessageTest@5883914b</td></tr>
<tr>
<td title='sample.WelcomeMessageTest.testWelcomeMessagePage_013()'><b>testWelcomeMessagePage_013</b><br>Test class: sample.WelcomeMessageTest</td>
<td><div><pre>java.lang.AssertionError: expected [false] but found [true]
	at sample.WelcomeMessageTest.testWelcomeMessagePage_013(WelcomeMessageTest.java:172)
... Removed 28 stack frames</pre></div><a href='#' onClick='toggleBox("stack-trace1826403819", this, "Click to show all stack frames", "Click to hide stack frames")'>Click to show all stack frames</a>
<div class='stack-trace' id='stack-trace1826403819'><pre>java.lang.AssertionError: expected [false] but found [true]
	at org.testng.Assert.fail(Assert.java:94)
	at org.testng.Assert.failNotEquals(Assert.java:494)
	at org.testng.Assert.assertEquals(Assert.java:123)
	at org.testng.Assert.assertEquals(Assert.java:286)
	at org.testng.Assert.assertEquals(Assert.java:296)
	at sample.WelcomeMessageTest.testWelcomeMessagePage_013(WelcomeMessageTest.java:172)
	at sun.reflect.NativeMethodAccessorImpl.invoke0(Native Method)
	at sun.reflect.NativeMethodAccessorImpl.invoke(Unknown Source)
	at sun.reflect.DelegatingMethodAccessorImpl.invoke(Unknown Source)
	at java.lang.reflect.Method.invoke(Unknown Source)
	at org.testng.internal.MethodInvocationHelper.invokeMethod(MethodInvocationHelper.java:84)
	at org.testng.internal.Invoker.invokeMethod(Invoker.java:714)
	at org.testng.internal.Invoker.invokeTestMethod(Invoker.java:901)
	at org.testng.internal.Invoker.invokeTestMethods(Invoker.java:1231)
	at org.testng.internal.TestMethodWorker.invokeTestMethods(TestMethodWorker.java:127)
	at org.testng.internal.TestMethodWorker.run(TestMethodWorker.java:111)
	at org.testng.TestRunner.privateRun(TestRunner.java:767)
	at org.testng.TestRunner.run(TestRunner.java:617)
	at org.testng.SuiteRunner.runTest(SuiteRunner.java:334)
	at org.testng.SuiteRunner.runSequentially(SuiteRunner.java:329)
	at org.testng.SuiteRunner.privateRun(SuiteRunner.java:291)
	at org.testng.SuiteRunner.run(SuiteRunner.java:240)
	at org.testng.SuiteRunnerWorker.runSuite(SuiteRunnerWorker.java:52)
	at org.testng.SuiteRunnerWorker.run(SuiteRunnerWorker.java:86)
	at org.testng.TestNG.runSuitesSequentially(TestNG.java:1224)
	at org.testng.TestNG.runSuitesLocally(TestNG.java:1149)
	at org.testng.TestNG.run(TestNG.java:1057)
	at org.testng.TestNG.privateMain(TestNG.java:1364)
	at org.testng.TestNG.main(TestNG.java:1333)
</pre></div></td>
<td>0</td>
<td>sample.WelcomeMessageTest@5883914b</td></tr>
<tr>
<td title='sample.WelcomeMessageTest.testWelcomeMessagePage_017()'><b>testWelcomeMessagePage_017</b><br>Test class: sample.WelcomeMessageTest</td>
<td><div><pre>java.lang.AssertionError: expected [false] but found [true]
	at sample.WelcomeMessageTest.testWelcomeMessagePage_017(WelcomeMessageTest.java:217)
... Removed 28 stack frames</pre></div><a href='#' onClick='toggleBox("stack-trace102360971", this, "Click to show all stack frames", "Click to hide stack frames")'>Click to show all stack frames</a>
<div class='stack-trace' id='stack-trace102360971'><pre>java.lang.AssertionError: expected [false] but found [true]
	at org.testng.Assert.fail(Assert.java:94)
	at org.testng.Assert.failNotEquals(Assert.java:494)
	at org.testng.Assert.assertEquals(Assert.java:123)
	at org.testng.Assert.assertEquals(Assert.java:286)
	at org.testng.Assert.assertEquals(Assert.java:296)
	at sample.WelcomeMessageTest.testWelcomeMessagePage_017(WelcomeMessageTest.java:217)
	at sun.reflect.NativeMethodAccessorImpl.invoke0(Native Method)
	at sun.reflect.NativeMethodAccessorImpl.invoke(Unknown Source)
	at sun.reflect.DelegatingMethodAccessorImpl.invoke(Unknown Source)
	at java.lang.reflect.Method.invoke(Unknown Source)
	at org.testng.internal.MethodInvocationHelper.invokeMethod(MethodInvocationHelper.java:84)
	at org.testng.internal.Invoker.invokeMethod(Invoker.java:714)
	at org.testng.internal.Invoker.invokeTestMethod(Invoker.java:901)
	at org.testng.internal.Invoker.invokeTestMethods(Invoker.java:1231)
	at org.testng.internal.TestMethodWorker.invokeTestMethods(TestMethodWorker.java:127)
	at org.testng.internal.TestMethodWorker.run(TestMethodWorker.java:111)
	at org.testng.TestRunner.privateRun(TestRunner.java:767)
	at org.testng.TestRunner.run(TestRunner.java:617)
	at org.testng.SuiteRunner.runTest(SuiteRunner.java:334)
	at org.testng.SuiteRunner.runSequentially(SuiteRunner.java:329)
	at org.testng.SuiteRunner.privateRun(SuiteRunner.java:291)
	at org.testng.SuiteRunner.run(SuiteRunner.java:240)
	at org.testng.SuiteRunnerWorker.runSuite(SuiteRunnerWorker.java:52)
	at org.testng.SuiteRunnerWorker.run(SuiteRunnerWorker.java:86)
	at org.testng.TestNG.runSuitesSequentially(TestNG.java:1224)
	at org.testng.TestNG.runSuitesLocally(TestNG.java:1149)
	at org.testng.TestNG.run(TestNG.java:1057)
	at org.testng.TestNG.privateMain(TestNG.java:1364)
	at org.testng.TestNG.main(TestNG.java:1333)
</pre></div></td>
<td>0</td>
<td>sample.WelcomeMessageTest@5883914b</td></tr>
<tr>
<td title='sample.WelcomeMessageTest.testWelcomeMessagePage_020()'><b>testWelcomeMessagePage_020</b><br>Test class: sample.WelcomeMessageTest</td>
<td><div><pre>java.lang.AssertionError: expected [false] but found [true]
	at sample.WelcomeMessageTest.testWelcomeMessagePage_020(WelcomeMessageTest.java:251)
... Removed 28 stack frames</pre></div><a href='#' onClick='toggleBox("stack-trace1831722734", this, "Click to show all stack frames", "Click to hide stack frames")'>Click to show all stack frames</a>
<div class='stack-trace' id='stack-trace1831722734'><pre>java.lang.AssertionError: expected [false] but found [true]
	at org.testng.Assert.fail(Assert.java:94)
	at org.testng.Assert.failNotEquals(Assert.java:494)
	at org.testng.Assert.assertEquals(Assert.java:123)
	at org.testng.Assert.assertEquals(Assert.java:286)
	at org.testng.Assert.assertEquals(Assert.java:296)
	at sample.WelcomeMessageTest.testWelcomeMessagePage_020(WelcomeMessageTest.java:251)
	at sun.reflect.NativeMethodAccessorImpl.invoke0(Native Method)
	at sun.reflect.NativeMethodAccessorImpl.invoke(Unknown Source)
	at sun.reflect.DelegatingMethodAccessorImpl.invoke(Unknown Source)
	at java.lang.reflect.Method.invoke(Unknown Source)
	at org.testng.internal.MethodInvocationHelper.invokeMethod(MethodInvocationHelper.java:84)
	at org.testng.internal.Invoker.invokeMethod(Invoker.java:714)
	at org.testng.internal.Invoker.invokeTestMethod(Invoker.java:901)
	at org.testng.internal.Invoker.invokeTestMethods(Invoker.java:1231)
	at org.testng.internal.TestMethodWorker.invokeTestMethods(TestMethodWorker.java:127)
	at org.testng.internal.TestMethodWorker.run(TestMethodWorker.java:111)
	at org.testng.TestRunner.privateRun(TestRunner.java:767)
	at org.testng.TestRunner.run(TestRunner.java:617)
	at org.testng.SuiteRunner.runTest(SuiteRunner.java:334)
	at org.testng.SuiteRunner.runSequentially(SuiteRunner.java:329)
	at org.testng.SuiteRunner.privateRun(SuiteRunner.java:291)
	at org.testng.SuiteRunner.run(SuiteRunner.java:240)
	at org.testng.SuiteRunnerWorker.runSuite(SuiteRunnerWorker.java:52)
	at org.testng.SuiteRunnerWorker.run(SuiteRunnerWorker.java:86)
	at org.testng.TestNG.runSuitesSequentially(TestNG.java:1224)
	at org.testng.TestNG.runSuitesLocally(TestNG.java:1149)
	at org.testng.TestNG.run(TestNG.java:1057)
	at org.testng.TestNG.privateMain(TestNG.java:1364)
	at org.testng.TestNG.main(TestNG.java:1333)
</pre></div></td>
<td>0</td>
<td>sample.WelcomeMessageTest@5883914b</td></tr>
</table><p>
<table width='100%' border='1' class='invocation-passed'>
<tr><td colspan='4' align='center'><b>PASSED TESTS</b></td></tr>
<tr><td><b>Test method</b></td>
<td width="30%"><b>Exception</b></td>
<td width="10%"><b>Time (seconds)</b></td>
<td><b>Instance</b></td>
</tr>
<tr>
<td title='sample.WelcomeMessageTest.testWelcomeMessagePage_001()'><b>testWelcomeMessagePage_001</b><br>Test class: sample.WelcomeMessageTest</td>
<td></td>
<td>0</td>
<td>sample.WelcomeMessageTest@5883914b</td></tr>
<tr>
<td title='sample.WelcomeMessageTest.testWelcomeMessagePage_003()'><b>testWelcomeMessagePage_003</b><br>Test class: sample.WelcomeMessageTest</td>
<td></td>
<td>0</td>
<td>sample.WelcomeMessageTest@5883914b</td></tr>
<tr>
<td title='sample.WelcomeMessageTest.testWelcomeMessagePage_005()'><b>testWelcomeMessagePage_005</b><br>Test class: sample.WelcomeMessageTest</td>
<td></td>
<td>0</td>
<td>sample.WelcomeMessageTest@5883914b</td></tr>
<tr>
<td title='sample.WelcomeMessageTest.testWelcomeMessagePage_007()'><b>testWelcomeMessagePage_007</b><br>Test class: sample.WelcomeMessageTest</td>
<td></td>
<td>0</td>
<td>sample.WelcomeMessageTest@5883914b</td></tr>
<tr>
<td title='sample.WelcomeMessageTest.testWelcomeMessagePage_009()'><b>testWelcomeMessagePage_009</b><br>Test class: sample.WelcomeMessageTest</td>
<td></td>
<td>0</td>
<td>sample.WelcomeMessageTest@5883914b</td></tr>
<tr>
<td title='sample.WelcomeMessageTest.testWelcomeMessagePage_011()'><b>testWelcomeMessagePage_011</b><br>Test class: sample.WelcomeMessageTest</td>
<td></td>
<td>0</td>
<td>sample.WelcomeMessageTest@5883914b</td></tr>
<tr>
<td title='sample.WelcomeMessageTest.testWelcomeMessagePage_014()'><b>testWelcomeMessagePage_014</b><br>Test class: sample.WelcomeMessageTest</td>
<td></td>
<td>0</td>
<td>sample.WelcomeMessageTest@5883914b</td></tr>
<tr>
<td title='sample.WelcomeMessageTest.testWelcomeMessagePage_015()'><b>testWelcomeMessagePage_015</b><br>Test class: sample.WelcomeMessageTest</td>
<td></td>
<td>0</td>
<td>sample.WelcomeMessageTest@5883914b</td></tr>
<tr>
<td title='sample.WelcomeMessageTest.testWelcomeMessagePage_016()'><b>testWelcomeMessagePage_016</b><br>Test class: sample.WelcomeMessageTest</td>
<td></td>
<td>0</td>
<td>sample.WelcomeMessageTest@5883914b</td></tr>
<tr>
<td title='sample.WelcomeMessageTest.testWelcomeMessagePage_018()'><b>testWelcomeMessagePage_018</b><br>Test class: sample.WelcomeMessageTest</td>
<td></td>
<td>0</td>
<td>sample.WelcomeMessageTest@5883914b</td></tr>
<tr>
<td title='sample.WelcomeMessageTest.testWelcomeMessagePage_019()'><b>testWelcomeMessagePage_019</b><br>Test class: sample.WelcomeMessageTest</td>
<td></td>
<td>0</td>
<td>sample.WelcomeMessageTest@5883914b</td></tr>
<tr>
<td title='sample.WelcomeMessageTest.testWelcomeMessagePage_021()'><b>testWelcomeMessagePage_021</b><br>Test class: sample.WelcomeMessageTest</td>
<td></td>
<td>0</td>
<td>sample.WelcomeMessageTest@5883914b</td></tr>
<tr>
<td title='sample.WelcomeMessageTest.testWelcomeMessagePage_022()'><b>testWelcomeMessagePage_022</b><br>Test class: sample.WelcomeMessageTest</td>
<td></td>
<td>0</td>
<td>sample.WelcomeMessageTest@5883914b</td></tr>
<tr>
<td title='sample.WelcomeMessageTest.testWelcomeMessagePage_023()'><b>testWelcomeMessagePage_023</b><br>Test class: sample.WelcomeMessageTest</td>
<td></td>
<td>0</td>
<td>sample.WelcomeMessageTest@5883914b</td></tr>
<tr>
<td title='sample.WelcomeMessageTest.testWelcomeMessagePage_024()'><b>testWelcomeMessagePage_024</b><br>Test class: sample.WelcomeMessageTest</td>
<td></td>
<td>0</td>
<td>sample.WelcomeMessageTest@5883914b</td></tr>
<tr>
<td title='sample.WelcomeMessageTest.testWelcomeMessagePage_025()'><b>testWelcomeMessagePage_025</b><br>Test class: sample.WelcomeMessageTest</td>
<td></td>
<td>0</td>
<td>sample.WelcomeMessageTest@5883914b</td></tr>
<tr>
<td title='sample.WelcomeMessageTest.testWelcomeMessagePage_026()'><b>testWelcomeMessagePage_026</b><br>Test class: sample.WelcomeMessageTest</td>
<td></td>
<td>0</td>
<td>sample.WelcomeMessageTest@5883914b</td></tr>
<tr>
<td title='sample.WelcomeMessageTest.testWelcomeMessagePage_027()'><b>testWelcomeMessagePage_027</b><br>Test class: sample.WelcomeMessageTest</td>
<td></td>
<td>0</td>
<td>sample.WelcomeMessageTest@5883914b</td></tr>
<tr>
<td title='sample.WelcomeMessageTest.testWelcomeMessagePage_028()'><b>testWelcomeMessagePage_028</b><br>Test class: sample.WelcomeMessageTest</td>
<td></td>
<td>0</td>
<td>sample.WelcomeMessageTest@5883914b</td></tr>
<tr>
<td title='sample.WelcomeMessageTest.testWelcomeMessagePage_029()'><b>testWelcomeMessagePage_029</b><br>Test class: sample.WelcomeMessageTest</td>
<td></td>
<td>0</td>
<td>sample.WelcomeMessageTest@5883914b</td></tr>
<tr>
<td title='sample.WelcomeMessageTest.testWelcomeMessagePage_030()'><b>testWelcomeMessagePage_030</b><br>Test class: sample.WelcomeMessageTest</td>
<td></td>
<td>0</td>
<td>sample.WelcomeMessageTest@5883914b</td></tr>
</table><p>
</body>
</html>